<?xml version="1.0" encoding="UTF-8"?>
<!-- Generated by org.testng.reporters.JUnitReportReporter -->
<testsuite skipped="0" hostname="Yeshwant" name="Example.NewTest" tests="1" failures="0" timestamp="25 Apr 2018 16:58:07 GMT" time="19.077" errors="0">
  <testcase name="testEasy" time="19.077" classname="Example.NewTest"/>
</testsuite> <!-- Example.NewTest -->
